OpenJDK 64-Bit Server VM warning: ignoring option MaxPermSize=350m; support was removed in 8.0
[  39883]   WARN - openapi.wm.impl.ToolWindowImpl - ToolWindow icons should be 13x13. Please fix ToolWindow (ID:  Designer) or icon jar:file:/home/maik/idea-IU-145.597.3/lib/idea.jar!/com/intellij/designer/icons/toolWindow.png 
[  39913]   WARN - openapi.wm.impl.ToolWindowImpl - ToolWindow icons should be 13x13. Please fix ToolWindow (ID:  Palette	) or icon jar:file:/home/maik/idea-IU-145.597.3/lib/icons.jar!/toolwindows/toolWindowPalette.png 
[  40076]   WARN - openapi.wm.impl.ToolWindowImpl - ToolWindow icons should be 13x13. Please fix ToolWindow (ID:  UI Designer) or icon jar:file:/home/maik/idea-IU-145.597.3/plugins/uiDesigner/lib/uiDesigner.jar!/com/intellij/uiDesigner/icons/toolWindowUIDesigner.png 
[  40100]   WARN - openapi.wm.impl.ToolWindowImpl - ToolWindow icons should be 13x13. Please fix ToolWindow (ID:  Palette) or icon jar:file:/home/maik/idea-IU-145.597.3/lib/icons.jar!/toolwindows/toolWindowPalette.png 
[  40178]   WARN - openapi.wm.impl.ToolWindowImpl - ToolWindow icons should be 13x13. Please fix ToolWindow (ID:  Capture Tool) or icon jar:file:/home/maik/idea-IU-145.597.3/plugins/android/lib/android.jar!/icons/toolwindows/toolWindowWarning.png 
[  40183]   WARN - openapi.wm.impl.ToolWindowImpl - ToolWindow icons should be 13x13. Please fix ToolWindow (ID:  Capture Analysis) or icon jar:file:/home/maik/idea-IU-145.597.3/lib/icons.jar!/toolwindows/toolWindowFind.png 
[  51297]   WARN - openapi.wm.impl.ToolWindowImpl - ToolWindow icons should be 13x13. Please fix ToolWindow (ID:  Maven Projects) or icon jar:file:/home/maik/idea-IU-145.597.3/plugins/maven/lib/maven.jar!/images/toolWindowMaven.png 
[  51338]   WARN - openapi.wm.impl.ToolWindowImpl - ToolWindow icons should be 13x13. Please fix ToolWindow (ID:  Event Log) or icon jar:file:/home/maik/idea-IU-145.597.3/lib/icons.jar!/ide/noNotifications13.png 
[  51367]   WARN - openapi.wm.impl.ToolWindowImpl - ToolWindow icons should be 13x13. Please fix ToolWindow (ID:  Project) or icon jar:file:/home/maik/idea-IU-145.597.3/lib/icons.jar!/toolwindows/toolWindowProject.png 
[  51374]   WARN - openapi.wm.impl.ToolWindowImpl - ToolWindow icons should be 13x13. Please fix ToolWindow (ID:  TODO) or icon jar:file:/home/maik/idea-IU-145.597.3/lib/icons.jar!/toolwindows/toolWindowTodo.png 
[  51392]   WARN - openapi.wm.impl.ToolWindowImpl - ToolWindow icons should be 13x13. Please fix ToolWindow (ID:  Structure) or icon jar:file:/home/maik/idea-IU-145.597.3/lib/icons.jar!/toolwindows/toolWindowStructure.png 
[  51422]   WARN - openapi.wm.impl.ToolWindowImpl - ToolWindow icons should be 13x13. Please fix ToolWindow (ID:  Favorites) or icon jar:file:/home/maik/idea-IU-145.597.3/lib/icons.jar!/toolwindows/toolWindowFavorites.png 
[  51451]   WARN - openapi.wm.impl.ToolWindowImpl - ToolWindow icons should be 13x13. Please fix ToolWindow (ID:  Ant Build) or icon jar:file:/home/maik/idea-IU-145.597.3/lib/icons.jar!/toolwindows/toolWindowAnt.png 
[  51495]   WARN - openapi.wm.impl.ToolWindowImpl - ToolWindow icons should be 13x13. Please fix ToolWindow (ID:  Terminal) or icon jar:file:/home/maik/idea-IU-145.597.3/plugins/terminal/lib/terminal.jar!/icons/OpenTerminal_13x13.png 
[  51568]   WARN - openapi.wm.impl.ToolWindowImpl - ToolWindow icons should be 13x13. Please fix ToolWindow (ID:  Version Control) or icon jar:file:/home/maik/idea-IU-145.597.3/lib/icons.jar!/toolwindows/toolWindowChanges.png 
[  55191]   WARN - openapi.wm.impl.ToolWindowImpl - ToolWindow icons should be 13x13. Please fix ToolWindow (ID:  Bean Validation) or icon jar:file:/home/maik/idea-IU-145.597.3/plugins/BeanValidation/lib/bean_validation.jar!/resources/icons/bvToolWindow.png 
[  55222]   WARN - openapi.wm.impl.ToolWindowImpl - ToolWindow icons should be 13x13. Please fix ToolWindow (ID:  Spring) or icon jar:file:/home/maik/idea-IU-145.597.3/plugins/Spring/lib/spring-api.jar!/icons/springToolWindow.png 
[  55616]   WARN - openapi.wm.impl.ToolWindowImpl - ToolWindow icons should be 13x13. Please fix ToolWindow (ID:  Database) or icon jar:file:/home/maik/idea-IU-145.597.3/plugins/DatabaseTools/lib/database-openapi.jar!/icons/toolWindowDatabase.png 
[ 120953]  ERROR - jediterm.terminal.TerminalMode - Mode InsertMode is not implemented, setting to false 
[ 267484]  ERROR - jediterm.terminal.TerminalMode - Mode InsertMode is not implemented, setting to false 
